<?xml version="1.0" encoding="UTF-8"?>
<testng-results ignored="0" total="1" passed="1" failed="0" skipped="0">
  <reporter-output>
  </reporter-output>
  <suite started-at="2023-07-19T04:45:56Z" name="Default suite" finished-at="2023-07-19T04:46:36Z" duration-ms="39897">
    <groups>
    </groups>
    <test started-at="2023-07-19T04:45:56Z" name="Default test" finished-at="2023-07-19T04:46:36Z" duration-ms="39897">
      <class name="in.amazon.JenkinsDemo.VerifyTitle">
        <test-method is-config="true" signature="launchApplication()[pri:0, instance:in.amazon.JenkinsDemo.VerifyTitle@792b749c]" started-at="2023-07-19T04:45:56Z" name="launchApplication" finished-at="2023-07-19T04:46:35Z" duration-ms="38250" status="PASS">
          <reporter-output>
          </reporter-output>
        </test-method> <!-- launchApplication -->
        <test-method signature="titleVerification()[pri:0, instance:in.amazon.JenkinsDemo.VerifyTitle@792b749c]" started-at="2023-07-19T04:46:35Z" name="titleVerification" finished-at="2023-07-19T04:46:35Z" duration-ms="198" status="PASS">
          <reporter-output>
          </reporter-output>
        </test-method> <!-- titleVerification -->
        <test-method is-config="true" signature="close()[pri:0, instance:in.amazon.JenkinsDemo.VerifyTitle@792b749c]" started-at="2023-07-19T04:46:35Z" name="close" finished-at="2023-07-19T04:46:36Z" duration-ms="1400" status="PASS">
          <reporter-output>
          </reporter-output>
        </test-method> <!-- close -->
      </class> <!-- in.amazon.JenkinsDemo.VerifyTitle -->
    </test> <!-- Default test -->
  </suite> <!-- Default suite -->
</testng-results>
